Using pre-set license
Built from '2021.1/staging' branch; Version is '2021.1.5f1 (3737af19df53) revision 3618735'; Using compiler version '192528614'; Build Type 'Release'
OS: 'Windows 10 Pro; OS build 19042.985; Version 2009; 64bit' Language: 'en' Physical Memory: 16257 MB
BatchMode: 1, IsHumanControllingUs: 0, StartBugReporterOnCrash: 0, Is64bit: 1, IsPro: 0

 COMMAND LINE ARGUMENTS:
C:\Program Files\Unity\Hub\Editor\2021.1.5f1\Editor\Unity.exe
-adb2
-batchMode
-noUpm
-name
AssetImportWorker0
-projectPath
C:/Users/ShaunFerns/cookbook/unity-cookbook-2020-ch03-08b-alphabetical-listOfPickupObjects
-logFile
Logs/AssetImportWorker0.log
-srvPort
62470
Successfully changed project path to: C:/Users/ShaunFerns/cookbook/unity-cookbook-2020-ch03-08b-alphabetical-listOfPickupObjects
C:/Users/ShaunFerns/cookbook/unity-cookbook-2020-ch03-08b-alphabetical-listOfPickupObjects
Using Asset Import Pipeline V2.
Refreshing native plugins compatible for Editor in 88.93 ms, found 1 plugins.
Preloading 0 native plugins for Editor in 0.00 ms.
Initialize engine version: 2021.1.5f1 (3737af19df53)
[Subsystems] Discovering subsystems at path C:/Program Files/Unity/Hub/Editor/2021.1.5f1/Editor/Data/Resources/UnitySubsystems
[Subsystems] Discovering subsystems at path C:/Users/ShaunFerns/cookbook/unity-cookbook-2020-ch03-08b-alphabetical-listOfPickupObjects/Assets
GfxDevice: creating device client; threaded=0; jobified=0
Direct3D:
    Version:  Direct3D 11.0 [level 11.1]
    Renderer: NVIDIA GeForce GTX 1080 (ID=0x1ba0)
    Vendor:   NVIDIA
    VRAM:     8079 MB
    Driver:   27.21.14.5687
Initialize mono
Mono path[0] = 'C:/Program Files/Unity/Hub/Editor/2021.1.5f1/Editor/Data/Managed'
Mono path[1] = 'C:/Program Files/Unity/Hub/Editor/2021.1.5f1/Editor/Data/MonoBleedingEdge/lib/mono/unityjit'
Mono config path = 'C:/Program Files/Unity/Hub/Editor/2021.1.5f1/Editor/Data/MonoBleedingEdge/etc'
Using monoOptions --debugger-agent=transport=dt_socket,embedding=1,server=y,suspend=n,address=127.0.0.1:56996
Begin MonoManager ReloadAssembly
Registering precompiled unity dll's ...
Register platform support module: C:/Program Files/Unity/Hub/Editor/2021.1.5f1/Editor/Data/PlaybackEngines/WindowsStandaloneSupport/UnityEditor.WindowsStandalone.Extensions.dll
Registered in 0.003365 seconds.
Native extension for WindowsStandalone target not found
Refreshing native plugins compatible for Editor in 96.60 ms, found 1 plugins.
Preloading 0 native plugins for Editor in 0.00 ms.
Mono: successfully reloaded assembly
- Completed reload, in  1.422 seconds
Platform modules already initialized, skipping
Registering precompiled user dll's ...
Registered in 0.004059 seconds.
Begin MonoManager ReloadAssembly
Native extension for WindowsStandalone target not found
Refreshing native plugins compatible for Editor in 0.48 ms, found 1 plugins.
Preloading 0 native plugins for Editor in 0.00 ms.
Mono: successfully reloaded assembly
- Completed reload, in  1.273 seconds
Platform modules already initialized, skipping
========================================================================
Worker process is ready to serve import requests
Launched and connected shader compiler UnityShaderCompiler.exe after 0.08 seconds
Refreshing native plugins compatible for Editor in 0.60 ms, found 1 plugins.
Preloading 0 native plugins for Editor in 0.00 ms.
Unloading 2669 Unused Serialized files (Serialized files now loaded: 0)
System memory in use before: 98.9 MB.
System memory in use after: 99.1 MB.

Unloading 14 unused Assets to reduce memory usage. Loaded Objects now: 3121.
Total: 3.908900 ms (FindLiveObjects: 0.293100 ms CreateObjectMapping: 0.154600 ms MarkObjects: 3.381200 ms  DeleteObjects: 0.078500 ms)

AssetImportWorkerClient::OnTransportError - code=2 error=End of file
