Using pre-set license
Built from '2021.1/staging' branch; Version is '2021.1.5f1 (3737af19df53) revision 3618735'; Using compiler version '192528614'; Build Type 'Release'
OS: 'Windows 10 Pro; OS build 19042.985; Version 2009; 64bit' Language: 'en' Physical Memory: 16257 MB
BatchMode: 1, IsHumanControllingUs: 0, StartBugReporterOnCrash: 0, Is64bit: 1, IsPro: 0

 COMMAND LINE ARGUMENTS:
C:\Program Files\Unity\Hub\Editor\2021.1.5f1\Editor\Unity.exe
-adb2
-batchMode
-noUpm
-name
AssetImportWorker0
-projectPath
C:/Users/ShaunFerns/cookbook/unity-cookbook-2020-ch03-08b-alphabetical-listOfPickupObjects
-logFile
Logs/AssetImportWorker0.log
-srvPort
61835
Successfully changed project path to: C:/Users/ShaunFerns/cookbook/unity-cookbook-2020-ch03-08b-alphabetical-listOfPickupObjects
C:/Users/ShaunFerns/cookbook/unity-cookbook-2020-ch03-08b-alphabetical-listOfPickupObjects
Using Asset Import Pipeline V2.
Refreshing native plugins compatible for Editor in 97.63 ms, found 1 plugins.
Preloading 0 native plugins for Editor in 0.00 ms.
Initialize engine version: 2021.1.5f1 (3737af19df53)
[Subsystems] Discovering subsystems at path C:/Program Files/Unity/Hub/Editor/2021.1.5f1/Editor/Data/Resources/UnitySubsystems
[Subsystems] Discovering subsystems at path C:/Users/ShaunFerns/cookbook/unity-cookbook-2020-ch03-08b-alphabetical-listOfPickupObjects/Assets
GfxDevice: creating device client; threaded=0; jobified=0
Direct3D:
    Version:  Direct3D 11.0 [level 11.1]
    Renderer: NVIDIA GeForce GTX 1080 (ID=0x1ba0)
    Vendor:   NVIDIA
    VRAM:     8079 MB
    Driver:   27.21.14.5687
Initialize mono
Mono path[0] = 'C:/Program Files/Unity/Hub/Editor/2021.1.5f1/Editor/Data/Managed'
Mono path[1] = 'C:/Program Files/Unity/Hub/Editor/2021.1.5f1/Editor/Data/MonoBleedingEdge/lib/mono/unityjit'
Mono config path = 'C:/Program Files/Unity/Hub/Editor/2021.1.5f1/Editor/Data/MonoBleedingEdge/etc'
Using monoOptions --debugger-agent=transport=dt_socket,embedding=1,server=y,suspend=n,address=127.0.0.1:56944
Begin MonoManager ReloadAssembly
Registering precompiled unity dll's ...
Register platform support module: C:/Program Files/Unity/Hub/Editor/2021.1.5f1/Editor/Data/PlaybackEngines/WindowsStandaloneSupport/UnityEditor.WindowsStandalone.Extensions.dll
Registered in 0.003492 seconds.
Native extension for WindowsStandalone target not found
Refreshing native plugins compatible for Editor in 99.81 ms, found 1 plugins.
Preloading 0 native plugins for Editor in 0.00 ms.
Mono: successfully reloaded assembly
- Completed reload, in  1.624 seconds
Platform modules already initialized, skipping
Registering precompiled user dll's ...
Registered in 0.004037 seconds.
Begin MonoManager ReloadAssembly
Native extension for WindowsStandalone target not found
Refreshing native plugins compatible for Editor in 0.47 ms, found 1 plugins.
Preloading 0 native plugins for Editor in 0.00 ms.
Mono: successfully reloaded assembly
- Completed reload, in  1.174 seconds
Platform modules already initialized, skipping
========================================================================
Worker process is ready to serve import requests
Launched and connected shader compiler UnityShaderCompiler.exe after 0.07 seconds
Refreshing native plugins compatible for Editor in 0.54 ms, found 1 plugins.
Preloading 0 native plugins for Editor in 0.00 ms.
Unloading 2669 Unused Serialized files (Serialized files now loaded: 0)
System memory in use before: 98.8 MB.
System memory in use after: 99.0 MB.

Unloading 14 unused Assets to reduce memory usage. Loaded Objects now: 3120.
Total: 3.030100 ms (FindLiveObjects: 0.318400 ms CreateObjectMapping: 0.146100 ms MarkObjects: 2.456500 ms  DeleteObjects: 0.107900 ms)

========================================================================
Received Import Request.
  path: Assets/_Scenes/Main Scene.unity
  artifactKey: Guid(e2d272e8cf9be4adb99bea8a1a5b9147) Importer(815301076,1909f56bfc062723c751e8b465ee728b)
Start importing Assets/_Scenes/Main Scene.unity using Guid(e2d272e8cf9be4adb99bea8a1a5b9147) Importer(815301076,1909f56bfc062723c751e8b465ee728b)  -> (artifact id: '390af9f2491716d1da413b645a4c48c2') in 0.014345 seconds 
========================================================================
Received Prepare
Registering precompiled user dll's ...
Registered in 0.003722 seconds.
Begin MonoManager ReloadAssembly
Native extension for WindowsStandalone target not found
Refreshing native plugins compatible for Editor in 0.71 ms, found 1 plugins.
Preloading 0 native plugins for Editor in 0.00 ms.
Mono: successfully reloaded assembly
- Completed reload, in  1.132 seconds
Platform modules already initialized, skipping
Refreshing native plugins compatible for Editor in 0.61 ms, found 1 plugins.
Preloading 0 native plugins for Editor in 0.00 ms.
Unloading 2663 Unused Serialized files (Serialized files now loaded: 0)
System memory in use before: 98.7 MB.
System memory in use after: 98.9 MB.

Unloading 9 unused Assets to reduce memory usage. Loaded Objects now: 3123.
Total: 2.260200 ms (FindLiveObjects: 0.230300 ms CreateObjectMapping: 0.103700 ms MarkObjects: 1.907100 ms  DeleteObjects: 0.018100 ms)

========================================================================
Received Import Request.
  Time since last request: 27.495190 seconds.
  path: Assets/_Scenes/AlphaList.unity
  artifactKey: Guid(e2d272e8cf9be4adb99bea8a1a5b9147) Importer(815301076,1909f56bfc062723c751e8b465ee728b)
Start importing Assets/_Scenes/AlphaList.unity using Guid(e2d272e8cf9be4adb99bea8a1a5b9147) Importer(815301076,1909f56bfc062723c751e8b465ee728b)  -> (artifact id: '755e47ef72fe4ab89358318b0e1751e2') in 0.011988 seconds 
AssetImportWorkerClient::OnTransportError - code=2 error=End of file
